Analysis & Synthesis report for alu_16_bit
Sun Jun 05 23:54:49 2022
Quartus Prime Version 19.1.0 Build 670 09/22/2019 SJ Lite Edition


---------------------
; Table of Contents ;
---------------------
  1. Legal Notice
  2. Analysis & Synthesis Summary
  3. Analysis & Synthesis Settings
  4. Parallel Compilation
  5. Analysis & Synthesis Source Files Read
  6. Analysis & Synthesis Resource Usage Summary
  7. Analysis & Synthesis Resource Utilization by Entity
  8. General Register Statistics
  9. Multiplexer Restructuring Statistics (Restructuring Performed)
 10. Analysis & Synthesis Messages



----------------
; Legal Notice ;
----------------
Copyright (C) 2019  Intel Corporation. All rights reserved.
Your use of Intel Corporation's design tools, logic functions 
and other software and tools, and any partner logic 
functions, and any output files from any of the foregoing 
(including device programming or simulation files), and any 
associated documentation or information are expressly subject 
to the terms and conditions of the Intel Program License 
Subscription Agreement, the Intel Quartus Prime License Agreement,
the Intel FPGA IP License Agreement, or other applicable license
agreement, including, without limitation, that your use is for
the sole purpose of programming logic devices manufactured by
Intel and sold by Intel or its authorized distributors.  Please
refer to the applicable agreement for further details, at
https://fpgasoftware.intel.com/eula.



+---------------------------------------------------------------------------+
; Analysis & Synthesis Summary                                              ;
+-----------------------------+---------------------------------------------+
; Analysis & Synthesis Status ; Successful - Sun Jun 05 23:54:49 2022       ;
; Quartus Prime Version       ; 19.1.0 Build 670 09/22/2019 SJ Lite Edition ;
; Revision Name               ; alu_16_bit                                  ;
; Top-level Entity Name       ; alu_16_bit                                  ;
; Family                      ; MAX V                                       ;
; Total logic elements        ; 32                                          ;
; Total pins                  ; 52                                          ;
; Total virtual pins          ; 0                                           ;
; UFM blocks                  ; 0 / 1 ( 0 % )                               ;
+-----------------------------+---------------------------------------------+


+------------------------------------------------------------------------------------------------------------+
; Analysis & Synthesis Settings                                                                              ;
+------------------------------------------------------------------+--------------------+--------------------+
; Option                                                           ; Setting            ; Default Value      ;
+------------------------------------------------------------------+--------------------+--------------------+
; Top-level entity name                                            ; alu_16_bit         ; alu_16_bit         ;
; Family name                                                      ; MAX V              ; Cyclone V          ;
; Use smart compilation                                            ; Off                ; Off                ;
; Enable parallel Assembler and Timing Analyzer during compilation ; On                 ; On                 ;
; Enable compact report table                                      ; Off                ; Off                ;
; Restructure Multiplexers                                         ; Auto               ; Auto               ;
; Create Debugging Nodes for IP Cores                              ; Off                ; Off                ;
; Preserve fewer node names                                        ; On                 ; On                 ;
; Intel FPGA IP Evaluation Mode                                    ; Enable             ; Enable             ;
; Verilog Version                                                  ; Verilog_2001       ; Verilog_2001       ;
; VHDL Version                                                     ; VHDL_1993          ; VHDL_1993          ;
; State Machine Processing                                         ; Auto               ; Auto               ;
; Safe State Machine                                               ; Off                ; Off                ;
; Extract Verilog State Machines                                   ; On                 ; On                 ;
; Extract VHDL State Machines                                      ; On                 ; On                 ;
; Ignore Verilog initial constructs                                ; Off                ; Off                ;
; Iteration limit for constant Verilog loops                       ; 5000               ; 5000               ;
; Iteration limit for non-constant Verilog loops                   ; 250                ; 250                ;
; Add Pass-Through Logic to Inferred RAMs                          ; On                 ; On                 ;
; Infer RAMs from Raw Logic                                        ; On                 ; On                 ;
; Parallel Synthesis                                               ; On                 ; On                 ;
; NOT Gate Push-Back                                               ; On                 ; On                 ;
; Power-Up Don't Care                                              ; On                 ; On                 ;
; Remove Redundant Logic Cells                                     ; Off                ; Off                ;
; Remove Duplicate Registers                                       ; On                 ; On                 ;
; Ignore CARRY Buffers                                             ; Off                ; Off                ;
; Ignore CASCADE Buffers                                           ; Off                ; Off                ;
; Ignore GLOBAL Buffers                                            ; Off                ; Off                ;
; Ignore ROW GLOBAL Buffers                                        ; Off                ; Off                ;
; Ignore LCELL Buffers                                             ; Off                ; Off                ;
; Ignore SOFT Buffers                                              ; On                 ; On                 ;
; Limit AHDL Integers to 32 Bits                                   ; Off                ; Off                ;
; Optimization Technique                                           ; Balanced           ; Balanced           ;
; Carry Chain Length                                               ; 70                 ; 70                 ;
; Auto Carry Chains                                                ; On                 ; On                 ;
; Auto Open-Drain Pins                                             ; On                 ; On                 ;
; Perform WYSIWYG Primitive Resynthesis                            ; Off                ; Off                ;
; Auto Shift Register Replacement                                  ; Auto               ; Auto               ;
; Allow Shift Register Merging across Hierarchies                  ; Auto               ; Auto               ;
; Auto Clock Enable Replacement                                    ; On                 ; On                 ;
; Allow Synchronous Control Signals                                ; On                 ; On                 ;
; Force Use of Synchronous Clear Signals                           ; Off                ; Off                ;
; Auto Resource Sharing                                            ; Off                ; Off                ;
; Use LogicLock Constraints during Resource Balancing              ; On                 ; On                 ;
; Ignore translate_off and synthesis_off directives                ; Off                ; Off                ;
; Report Parameter Settings                                        ; On                 ; On                 ;
; Report Source Assignments                                        ; On                 ; On                 ;
; Report Connectivity Checks                                       ; On                 ; On                 ;
; Ignore Maximum Fan-Out Assignments                               ; Off                ; Off                ;
; Synchronization Register Chain Length                            ; 2                  ; 2                  ;
; Power Optimization During Synthesis                              ; Normal compilation ; Normal compilation ;
; HDL message level                                                ; Level2             ; Level2             ;
; Suppress Register Optimization Related Messages                  ; Off                ; Off                ;
; Number of Removed Registers Reported in Synthesis Report         ; 5000               ; 5000               ;
; Number of Swept Nodes Reported in Synthesis Report               ; 5000               ; 5000               ;
; Number of Inverted Registers Reported in Synthesis Report        ; 100                ; 100                ;
; Clock MUX Protection                                             ; On                 ; On                 ;
; Block Design Naming                                              ; Auto               ; Auto               ;
; Synthesis Effort                                                 ; Auto               ; Auto               ;
; Shift Register Replacement - Allow Asynchronous Clear Signal     ; On                 ; On                 ;
; Analysis & Synthesis Message Level                               ; Medium             ; Medium             ;
; Disable Register Merging Across Hierarchies                      ; Auto               ; Auto               ;
+------------------------------------------------------------------+--------------------+--------------------+


+------------------------------------------+
; Parallel Compilation                     ;
+----------------------------+-------------+
; Processors                 ; Number      ;
+----------------------------+-------------+
; Number detected on machine ; 8           ;
; Maximum allowed            ; 4           ;
;                            ;             ;
; Average used               ; 1.00        ;
; Maximum used               ; 1           ;
;                            ;             ;
; Usage by Processor         ; % Time Used ;
;     Processor 1            ; 100.0%      ;
+----------------------------+-------------+


+-----------------------------------------------------------------------------------------------------------------------------+
; Analysis & Synthesis Source Files Read                                                                                      ;
+----------------------------------+-----------------+-----------------+--------------------------------------------+---------+
; File Name with User-Entered Path ; Used in Netlist ; File Type       ; File Name with Absolute Path               ; Library ;
+----------------------------------+-----------------+-----------------+--------------------------------------------+---------+
; alu_16_bit.vhd                   ; yes             ; User VHDL File  ; C:/Users/User/Desktop/part2/alu_16_bit.vhd ;         ;
+----------------------------------+-----------------+-----------------+--------------------------------------------+---------+


+-----------------------------------------------------+
; Analysis & Synthesis Resource Usage Summary         ;
+---------------------------------------------+-------+
; Resource                                    ; Usage ;
+---------------------------------------------+-------+
; Total logic elements                        ; 32    ;
;     -- Combinational with no register       ; 32    ;
;     -- Register only                        ; 0     ;
;     -- Combinational with a register        ; 0     ;
;                                             ;       ;
; Logic element usage by number of LUT inputs ;       ;
;     -- 4 input functions                    ; 1     ;
;     -- 3 input functions                    ; 15    ;
;     -- 2 input functions                    ; 16    ;
;     -- 1 input functions                    ; 0     ;
;     -- 0 input functions                    ; 0     ;
;                                             ;       ;
; Logic elements by mode                      ;       ;
;     -- normal mode                          ; 32    ;
;     -- arithmetic mode                      ; 0     ;
;     -- qfbk mode                            ; 0     ;
;     -- register cascade mode                ; 0     ;
;     -- synchronous clear/load mode          ; 0     ;
;     -- asynchronous clear/load mode         ; 0     ;
;                                             ;       ;
; Total registers                             ; 0     ;
; I/O pins                                    ; 52    ;
; Maximum fan-out node                        ; a[0]  ;
; Maximum fan-out                             ; 2     ;
; Total fan-out                               ; 98    ;
; Average fan-out                             ; 1.17  ;
+---------------------------------------------+-------+


+-------------------------------------------------------------------------------------------------------------------------------------------------------------------------------------------------------------------------------------------------------+
; Analysis & Synthesis Resource Utilization by Entity                                                                                                                                                                                                   ;
+----------------------------+-------------+--------------+------------+------+--------------+--------------+-------------------+------------------+-----------------+------------+----------------------------------------+-------------+--------------+
; Compilation Hierarchy Node ; Logic Cells ; LC Registers ; UFM Blocks ; Pins ; Virtual Pins ; LUT-Only LCs ; Register-Only LCs ; LUT/Register LCs ; Carry Chain LCs ; Packed LCs ; Full Hierarchy Name                    ; Entity Name ; Library Name ;
+----------------------------+-------------+--------------+------------+------+--------------+--------------+-------------------+------------------+-----------------+------------+----------------------------------------+-------------+--------------+
; |alu_16_bit                ; 32 (1)      ; 0            ; 0          ; 52   ; 0            ; 32 (1)       ; 0 (0)             ; 0 (0)            ; 0 (0)           ; 0 (0)      ; |alu_16_bit                            ; alu_16_bit  ; work         ;
;    |alu_1_bit:A10|         ; 1 (0)       ; 0            ; 0          ; 0    ; 0            ; 1 (0)        ; 0 (0)             ; 0 (0)            ; 0 (0)           ; 0 (0)      ; |alu_16_bit|alu_1_bit:A10              ; alu_1_bit   ; work         ;
;       |myAND:u0|           ; 1 (1)       ; 0            ; 0          ; 0    ; 0            ; 1 (1)        ; 0 (0)             ; 0 (0)            ; 0 (0)           ; 0 (0)      ; |alu_16_bit|alu_1_bit:A10|myAND:u0     ; myAND       ; work         ;
;    |alu_1_bit:A11|         ; 3 (0)       ; 0            ; 0          ; 0    ; 0            ; 3 (0)        ; 0 (0)             ; 0 (0)            ; 0 (0)           ; 0 (0)      ; |alu_16_bit|alu_1_bit:A11              ; alu_1_bit   ; work         ;
;       |fulladder:u3|       ; 2 (2)       ; 0            ; 0          ; 0    ; 0            ; 2 (2)        ; 0 (0)             ; 0 (0)            ; 0 (0)           ; 0 (0)      ; |alu_16_bit|alu_1_bit:A11|fulladder:u3 ; fulladder   ; work         ;
;       |myAND:u0|           ; 1 (1)       ; 0            ; 0          ; 0    ; 0            ; 1 (1)        ; 0 (0)             ; 0 (0)            ; 0 (0)           ; 0 (0)      ; |alu_16_bit|alu_1_bit:A11|myAND:u0     ; myAND       ; work         ;
;    |alu_1_bit:A12|         ; 1 (0)       ; 0            ; 0          ; 0    ; 0            ; 1 (0)        ; 0 (0)             ; 0 (0)            ; 0 (0)           ; 0 (0)      ; |alu_16_bit|alu_1_bit:A12              ; alu_1_bit   ; work         ;
;       |myAND:u0|           ; 1 (1)       ; 0            ; 0          ; 0    ; 0            ; 1 (1)        ; 0 (0)             ; 0 (0)            ; 0 (0)           ; 0 (0)      ; |alu_16_bit|alu_1_bit:A12|myAND:u0     ; myAND       ; work         ;
;    |alu_1_bit:A13|         ; 3 (0)       ; 0            ; 0          ; 0    ; 0            ; 3 (0)        ; 0 (0)             ; 0 (0)            ; 0 (0)           ; 0 (0)      ; |alu_16_bit|alu_1_bit:A13              ; alu_1_bit   ; work         ;
;       |fulladder:u3|       ; 2 (2)       ; 0            ; 0          ; 0    ; 0            ; 2 (2)        ; 0 (0)             ; 0 (0)            ; 0 (0)           ; 0 (0)      ; |alu_16_bit|alu_1_bit:A13|fulladder:u3 ; fulladder   ; work         ;
;       |myAND:u0|           ; 1 (1)       ; 0            ; 0          ; 0    ; 0            ; 1 (1)        ; 0 (0)             ; 0 (0)            ; 0 (0)           ; 0 (0)      ; |alu_16_bit|alu_1_bit:A13|myAND:u0     ; myAND       ; work         ;
;    |alu_1_bit:A14|         ; 1 (0)       ; 0            ; 0          ; 0    ; 0            ; 1 (0)        ; 0 (0)             ; 0 (0)            ; 0 (0)           ; 0 (0)      ; |alu_16_bit|alu_1_bit:A14              ; alu_1_bit   ; work         ;
;       |myAND:u0|           ; 1 (1)       ; 0            ; 0          ; 0    ; 0            ; 1 (1)        ; 0 (0)             ; 0 (0)            ; 0 (0)           ; 0 (0)      ; |alu_16_bit|alu_1_bit:A14|myAND:u0     ; myAND       ; work         ;
;    |alu_1_bit:A15|         ; 3 (0)       ; 0            ; 0          ; 0    ; 0            ; 3 (0)        ; 0 (0)             ; 0 (0)            ; 0 (0)           ; 0 (0)      ; |alu_16_bit|alu_1_bit:A15              ; alu_1_bit   ; work         ;
;       |fulladder:u3|       ; 2 (2)       ; 0            ; 0          ; 0    ; 0            ; 2 (2)        ; 0 (0)             ; 0 (0)            ; 0 (0)           ; 0 (0)      ; |alu_16_bit|alu_1_bit:A15|fulladder:u3 ; fulladder   ; work         ;
;       |myAND:u0|           ; 1 (1)       ; 0            ; 0          ; 0    ; 0            ; 1 (1)        ; 0 (0)             ; 0 (0)            ; 0 (0)           ; 0 (0)      ; |alu_16_bit|alu_1_bit:A15|myAND:u0     ; myAND       ; work         ;
;    |alu_1_bit:A16|         ; 1 (0)       ; 0            ; 0          ; 0    ; 0            ; 1 (0)        ; 0 (0)             ; 0 (0)            ; 0 (0)           ; 0 (0)      ; |alu_16_bit|alu_1_bit:A16              ; alu_1_bit   ; work         ;
;       |myAND:u0|           ; 1 (1)       ; 0            ; 0          ; 0    ; 0            ; 1 (1)        ; 0 (0)             ; 0 (0)            ; 0 (0)           ; 0 (0)      ; |alu_16_bit|alu_1_bit:A16|myAND:u0     ; myAND       ; work         ;
;    |alu_1_bit:A1|          ; 2 (0)       ; 0            ; 0          ; 0    ; 0            ; 2 (0)        ; 0 (0)             ; 0 (0)            ; 0 (0)           ; 0 (0)      ; |alu_16_bit|alu_1_bit:A1               ; alu_1_bit   ; work         ;
;       |fulladder:u3|       ; 1 (1)       ; 0            ; 0          ; 0    ; 0            ; 1 (1)        ; 0 (0)             ; 0 (0)            ; 0 (0)           ; 0 (0)      ; |alu_16_bit|alu_1_bit:A1|fulladder:u3  ; fulladder   ; work         ;
;       |myAND:u0|           ; 1 (1)       ; 0            ; 0          ; 0    ; 0            ; 1 (1)        ; 0 (0)             ; 0 (0)            ; 0 (0)           ; 0 (0)      ; |alu_16_bit|alu_1_bit:A1|myAND:u0      ; myAND       ; work         ;
;    |alu_1_bit:A2|          ; 1 (0)       ; 0            ; 0          ; 0    ; 0            ; 1 (0)        ; 0 (0)             ; 0 (0)            ; 0 (0)           ; 0 (0)      ; |alu_16_bit|alu_1_bit:A2               ; alu_1_bit   ; work         ;
;       |myAND:u0|           ; 1 (1)       ; 0            ; 0          ; 0    ; 0            ; 1 (1)        ; 0 (0)             ; 0 (0)            ; 0 (0)           ; 0 (0)      ; |alu_16_bit|alu_1_bit:A2|myAND:u0      ; myAND       ; work         ;
;    |alu_1_bit:A3|          ; 3 (0)       ; 0            ; 0          ; 0    ; 0            ; 3 (0)        ; 0 (0)             ; 0 (0)            ; 0 (0)           ; 0 (0)      ; |alu_16_bit|alu_1_bit:A3               ; alu_1_bit   ; work         ;
;       |fulladder:u3|       ; 2 (2)       ; 0            ; 0          ; 0    ; 0            ; 2 (2)        ; 0 (0)             ; 0 (0)            ; 0 (0)           ; 0 (0)      ; |alu_16_bit|alu_1_bit:A3|fulladder:u3  ; fulladder   ; work         ;
;       |myAND:u0|           ; 1 (1)       ; 0            ; 0          ; 0    ; 0            ; 1 (1)        ; 0 (0)             ; 0 (0)            ; 0 (0)           ; 0 (0)      ; |alu_16_bit|alu_1_bit:A3|myAND:u0      ; myAND       ; work         ;
;    |alu_1_bit:A4|          ; 1 (0)       ; 0            ; 0          ; 0    ; 0            ; 1 (0)        ; 0 (0)             ; 0 (0)            ; 0 (0)           ; 0 (0)      ; |alu_16_bit|alu_1_bit:A4               ; alu_1_bit   ; work         ;
;       |myAND:u0|           ; 1 (1)       ; 0            ; 0          ; 0    ; 0            ; 1 (1)        ; 0 (0)             ; 0 (0)            ; 0 (0)           ; 0 (0)      ; |alu_16_bit|alu_1_bit:A4|myAND:u0      ; myAND       ; work         ;
;    |alu_1_bit:A5|          ; 3 (0)       ; 0            ; 0          ; 0    ; 0            ; 3 (0)        ; 0 (0)             ; 0 (0)            ; 0 (0)           ; 0 (0)      ; |alu_16_bit|alu_1_bit:A5               ; alu_1_bit   ; work         ;
;       |fulladder:u3|       ; 2 (2)       ; 0            ; 0          ; 0    ; 0            ; 2 (2)        ; 0 (0)             ; 0 (0)            ; 0 (0)           ; 0 (0)      ; |alu_16_bit|alu_1_bit:A5|fulladder:u3  ; fulladder   ; work         ;
;       |myAND:u0|           ; 1 (1)       ; 0            ; 0          ; 0    ; 0            ; 1 (1)        ; 0 (0)             ; 0 (0)            ; 0 (0)           ; 0 (0)      ; |alu_16_bit|alu_1_bit:A5|myAND:u0      ; myAND       ; work         ;
;    |alu_1_bit:A6|          ; 1 (0)       ; 0            ; 0          ; 0    ; 0            ; 1 (0)        ; 0 (0)             ; 0 (0)            ; 0 (0)           ; 0 (0)      ; |alu_16_bit|alu_1_bit:A6               ; alu_1_bit   ; work         ;
;       |myAND:u0|           ; 1 (1)       ; 0            ; 0          ; 0    ; 0            ; 1 (1)        ; 0 (0)             ; 0 (0)            ; 0 (0)           ; 0 (0)      ; |alu_16_bit|alu_1_bit:A6|myAND:u0      ; myAND       ; work         ;
;    |alu_1_bit:A7|          ; 3 (0)       ; 0            ; 0          ; 0    ; 0            ; 3 (0)        ; 0 (0)             ; 0 (0)            ; 0 (0)           ; 0 (0)      ; |alu_16_bit|alu_1_bit:A7               ; alu_1_bit   ; work         ;
;       |fulladder:u3|       ; 2 (2)       ; 0            ; 0          ; 0    ; 0            ; 2 (2)        ; 0 (0)             ; 0 (0)            ; 0 (0)           ; 0 (0)      ; |alu_16_bit|alu_1_bit:A7|fulladder:u3  ; fulladder   ; work         ;
;       |myAND:u0|           ; 1 (1)       ; 0            ; 0          ; 0    ; 0            ; 1 (1)        ; 0 (0)             ; 0 (0)            ; 0 (0)           ; 0 (0)      ; |alu_16_bit|alu_1_bit:A7|myAND:u0      ; myAND       ; work         ;
;    |alu_1_bit:A8|          ; 1 (0)       ; 0            ; 0          ; 0    ; 0            ; 1 (0)        ; 0 (0)             ; 0 (0)            ; 0 (0)           ; 0 (0)      ; |alu_16_bit|alu_1_bit:A8               ; alu_1_bit   ; work         ;
;       |myAND:u0|           ; 1 (1)       ; 0            ; 0          ; 0    ; 0            ; 1 (1)        ; 0 (0)             ; 0 (0)            ; 0 (0)           ; 0 (0)      ; |alu_16_bit|alu_1_bit:A8|myAND:u0      ; myAND       ; work         ;
;    |alu_1_bit:A9|          ; 3 (0)       ; 0            ; 0          ; 0    ; 0            ; 3 (0)        ; 0 (0)             ; 0 (0)            ; 0 (0)           ; 0 (0)      ; |alu_16_bit|alu_1_bit:A9               ; alu_1_bit   ; work         ;
;       |fulladder:u3|       ; 2 (2)       ; 0            ; 0          ; 0    ; 0            ; 2 (2)        ; 0 (0)             ; 0 (0)            ; 0 (0)           ; 0 (0)      ; |alu_16_bit|alu_1_bit:A9|fulladder:u3  ; fulladder   ; work         ;
;       |myAND:u0|           ; 1 (1)       ; 0            ; 0          ; 0    ; 0            ; 1 (1)        ; 0 (0)             ; 0 (0)            ; 0 (0)           ; 0 (0)      ; |alu_16_bit|alu_1_bit:A9|myAND:u0      ; myAND       ; work         ;
+----------------------------+-------------+--------------+------------+------+--------------+--------------+-------------------+------------------+-----------------+------------+----------------------------------------+-------------+--------------+
Note: For table entries with two numbers listed, the numbers in parentheses indicate the number of resources of the given type used by the specific entity alone. The numbers listed outside of parentheses indicate the total resources of the given type used by the specific entity and all of its sub-entities in the hierarchy.


+------------------------------------------------------+
; General Register Statistics                          ;
+----------------------------------------------+-------+
; Statistic                                    ; Value ;
+----------------------------------------------+-------+
; Total registers                              ; 0     ;
; Number of registers using Synchronous Clear  ; 0     ;
; Number of registers using Synchronous Load   ; 0     ;
; Number of registers using Asynchronous Clear ; 0     ;
; Number of registers using Asynchronous Load  ; 0     ;
; Number of registers using Clock Enable       ; 0     ;
; Number of registers using Preset             ; 0     ;
+----------------------------------------------+-------+


+--------------------------------------------------------------------------------------------------------------------------------------------------------+
; Multiplexer Restructuring Statistics (Restructuring Performed)                                                                                         ;
+--------------------+-----------+---------------+----------------------+------------------------+------------+------------------------------------------+
; Multiplexer Inputs ; Bus Width ; Baseline Area ; Area if Restructured ; Saving if Restructured ; Registered ; Example Multiplexer Output               ;
+--------------------+-----------+---------------+----------------------+------------------------+------------+------------------------------------------+
; 4:1                ; 16 bits   ; 32 LEs        ; 0 LEs                ; 32 LEs                 ; No         ; |alu_16_bit|alu_1_bit:A1|mux4to1:u6|Mux0 ;
+--------------------+-----------+---------------+----------------------+------------------------+------------+------------------------------------------+


+-------------------------------+
; Analysis & Synthesis Messages ;
+-------------------------------+
Info: *******************************************************************
Info: Running Quartus Prime Analysis & Synthesis
    Info: Version 19.1.0 Build 670 09/22/2019 SJ Lite Edition
    Info: Processing started: Sun Jun 05 23:54:41 2022
Info: Command: quartus_map --read_settings_files=on --write_settings_files=off alu_16_bit -c alu_16_bit
Warning (18236): Number of processors has not been specified which may cause overloading on shared machines.  Set the global assignment NUM_PARALLEL_PROCESSORS in your QSF to an appropriate value for best performance.
Info (20030): Parallel compilation is enabled and will use 4 of the 4 processors detected
Info (12021): Found 18 design units, including 9 entities, in source file alu_16_bit.vhd
    Info (12022): Found design unit 1: myAND-Structure File: C:/Users/User/Desktop/part2/alu_16_bit.vhd Line: 8
    Info (12022): Found design unit 2: myOR-Structure File: C:/Users/User/Desktop/part2/alu_16_bit.vhd Line: 21
    Info (12022): Found design unit 3: myXOR-Structure File: C:/Users/User/Desktop/part2/alu_16_bit.vhd Line: 34
    Info (12022): Found design unit 4: fulladder-Structure File: C:/Users/User/Desktop/part2/alu_16_bit.vhd Line: 46
    Info (12022): Found design unit 5: notx-Structure File: C:/Users/User/Desktop/part2/alu_16_bit.vhd Line: 59
    Info (12022): Found design unit 6: mux4to1-Structure File: C:/Users/User/Desktop/part2/alu_16_bit.vhd Line: 73
    Info (12022): Found design unit 7: alu_1_bit-Structure File: C:/Users/User/Desktop/part2/alu_16_bit.vhd Line: 92
    Info (12022): Found design unit 8: ControlCircuit-Structure File: C:/Users/User/Desktop/part2/alu_16_bit.vhd Line: 164
    Info (12022): Found design unit 9: alu_16_bit-Structure File: C:/Users/User/Desktop/part2/alu_16_bit.vhd Line: 193
    Info (12023): Found entity 1: myAND File: C:/Users/User/Desktop/part2/alu_16_bit.vhd Line: 4
    Info (12023): Found entity 2: myOR File: C:/Users/User/Desktop/part2/alu_16_bit.vhd Line: 17
    Info (12023): Found entity 3: myXOR File: C:/Users/User/Desktop/part2/alu_16_bit.vhd Line: 30
    Info (12023): Found entity 4: fulladder File: C:/Users/User/Desktop/part2/alu_16_bit.vhd Line: 42
    Info (12023): Found entity 5: notx File: C:/Users/User/Desktop/part2/alu_16_bit.vhd Line: 55
    Info (12023): Found entity 6: mux4to1 File: C:/Users/User/Desktop/part2/alu_16_bit.vhd Line: 69
    Info (12023): Found entity 7: alu_1_bit File: C:/Users/User/Desktop/part2/alu_16_bit.vhd Line: 85
    Info (12023): Found entity 8: ControlCircuit File: C:/Users/User/Desktop/part2/alu_16_bit.vhd Line: 156
    Info (12023): Found entity 9: alu_16_bit File: C:/Users/User/Desktop/part2/alu_16_bit.vhd Line: 186
Info (12127): Elaborating entity "alu_16_bit" for the top level hierarchy
Info (12128): Elaborating entity "ControlCircuit" for hierarchy "ControlCircuit:u8" File: C:/Users/User/Desktop/part2/alu_16_bit.vhd Line: 218
Info (12128): Elaborating entity "alu_1_bit" for hierarchy "alu_1_bit:A1" File: C:/Users/User/Desktop/part2/alu_16_bit.vhd Line: 219
Warning (10541): VHDL Signal Declaration warning at alu_16_bit.vhd(131): used implicit default value for signal "invertA" because signal was never assigned a value or an explicit default value. Use of implicit default value may introduce unintended design optimizations. File: C:/Users/User/Desktop/part2/alu_16_bit.vhd Line: 131
Warning (10541): VHDL Signal Declaration warning at alu_16_bit.vhd(131): used implicit default value for signal "invertB" because signal was never assigned a value or an explicit default value. Use of implicit default value may introduce unintended design optimizations. File: C:/Users/User/Desktop/part2/alu_16_bit.vhd Line: 131
Warning (10541): VHDL Signal Declaration warning at alu_16_bit.vhd(132): used implicit default value for signal "operationCode" because signal was never assigned a value or an explicit default value. Use of implicit default value may introduce unintended design optimizations. File: C:/Users/User/Desktop/part2/alu_16_bit.vhd Line: 132
Info (12128): Elaborating entity "myAND" for hierarchy "alu_1_bit:A1|myAND:u0" File: C:/Users/User/Desktop/part2/alu_16_bit.vhd Line: 135
Info (12128): Elaborating entity "myOR" for hierarchy "alu_1_bit:A1|myOR:u1" File: C:/Users/User/Desktop/part2/alu_16_bit.vhd Line: 136
Info (12128): Elaborating entity "myXOR" for hierarchy "alu_1_bit:A1|myXOR:u2" File: C:/Users/User/Desktop/part2/alu_16_bit.vhd Line: 137
Info (12128): Elaborating entity "fulladder" for hierarchy "alu_1_bit:A1|fulladder:u3" File: C:/Users/User/Desktop/part2/alu_16_bit.vhd Line: 138
Info (12128): Elaborating entity "notx" for hierarchy "alu_1_bit:A1|notx:u4" File: C:/Users/User/Desktop/part2/alu_16_bit.vhd Line: 139
Info (12128): Elaborating entity "mux4to1" for hierarchy "alu_1_bit:A1|mux4to1:u6" File: C:/Users/User/Desktop/part2/alu_16_bit.vhd Line: 141
Warning (21074): Design contains 1 input pin(s) that do not drive logic
    Warning (15610): No output dependent on input pin "opcode[2]" File: C:/Users/User/Desktop/part2/alu_16_bit.vhd Line: 188
Info (21057): Implemented 84 device resources after synthesis - the final resource count might be different
    Info (21058): Implemented 35 input pins
    Info (21059): Implemented 17 output pins
    Info (21061): Implemented 32 logic cells
Info: Quartus Prime Analysis & Synthesis was successful. 0 errors, 6 warnings
    Info: Peak virtual memory: 4765 megabytes
    Info: Processing ended: Sun Jun 05 23:54:49 2022
    Info: Elapsed time: 00:00:08
    Info: Total CPU time (on all processors): 00:00:18


